app/build/intermediates/manifest_merge_blame_file/debug/manifest-merger-blame-debug-report.txt
1<?xml version="1.0" encoding="utf-8"?>
2<manifest xmlns:android="http://schemas.android.com/apk/res/android"
3    package="com.example.firebaseauthexample"
4    android:versionCode="1"
5    android:versionName="1.0" >
6
7    <uses-sdk
8        android:minSdkVersion="21"
8-->src/main/AndroidManifest.xml
9        android:targetSdkVersion="30" />
9-->src/main/AndroidManifest.xml
10
11    <uses-permission android:name="android.permission.ACCESS_NETWORK_STATE" />
11-->[com.firebaseui:firebase-ui-auth:6.2.0] AndroidManifest.xml:12:5-79
11-->[com.firebaseui:firebase-ui-auth:6.2.0] AndroidManifest.xml:12:22-76
12    <uses-permission android:name="android.permission.INTERNET" />
12-->[com.firebaseui:firebase-ui-auth:6.2.0] AndroidManifest.xml:13:5-67
12-->[com.firebaseui:firebase-ui-auth:6.2.0] AndroidManifest.xml:13:22-64
13    <uses-permission android:name="android.permission.WAKE_LOCK" />
13-->[com.google.android.gms:play-services-measurement-api:18.0.0] AndroidManifest.xml:24:5-68
13-->[com.google.android.gms:play-services-measurement-api:18.0.0] AndroidManifest.xml:24:22-65
14    <uses-permission android:name="com.google.android.finsky.permission.BIND_GET_INSTALL_REFERRER_SERVICE" />
14-->[com.google.android.gms:play-services-measurement:18.0.0] AndroidManifest.xml:26:5-110
14-->[com.google.android.gms:play-services-measurement:18.0.0] AndroidManifest.xml:26:22-107
15
16    <application
16-->src/main/AndroidManifest.xml:5:5-19:19
17        android:allowBackup="true"
17-->src/main/AndroidManifest.xml:6:9-35
18        android:appComponentFactory="androidx.core.app.CoreComponentFactory"
18-->[androidx.core:core:1.3.1] AndroidManifest.xml:24:18-86
19        android:debuggable="true"
20        android:icon="@mipmap/ic_launcher"
20-->src/main/AndroidManifest.xml:7:9-43
21        android:label="@string/app_name"
21-->src/main/AndroidManifest.xml:8:9-41
22        android:roundIcon="@mipmap/ic_launcher_round"
22-->src/main/AndroidManifest.xml:9:9-54
23        android:supportsRtl="true"
23-->src/main/AndroidManifest.xml:10:9-35
24        android:testOnly="true"
25        android:theme="@style/AppTheme" >
25-->src/main/AndroidManifest.xml:11:9-40
26        <activity android:name="com.example.firebaseauthexample.MainActivity" >
26-->src/main/AndroidManifest.xml:12:9-18:20
26-->src/main/AndroidManifest.xml:12:19-47
27            <intent-filter>
27-->src/main/AndroidManifest.xml:13:13-17:29
28                <action android:name="android.intent.action.MAIN" />
28-->src/main/AndroidManifest.xml:14:17-69
28-->src/main/AndroidManifest.xml:14:25-66
29
30                <category android:name="android.intent.category.LAUNCHER" />
30-->src/main/AndroidManifest.xml:16:17-77
30-->src/main/AndroidManifest.xml:16:27-74
31            </intent-filter>
32        </activity>
33
34        <meta-data
34-->[com.firebaseui:firebase-ui-auth:6.2.0] AndroidManifest.xml:16:9-18:69
35            android:name="com.google.android.gms.version"
35-->[com.firebaseui:firebase-ui-auth:6.2.0] AndroidManifest.xml:17:13-58
36            android:value="@integer/google_play_services_version" />
36-->[com.firebaseui:firebase-ui-auth:6.2.0] AndroidManifest.xml:18:13-66
37        <meta-data
37-->[com.firebaseui:firebase-ui-auth:6.2.0] AndroidManifest.xml:19:9-21:63
38            android:name="com.facebook.sdk.ApplicationId"
38-->[com.firebaseui:firebase-ui-auth:6.2.0] AndroidManifest.xml:20:13-58
39            android:value="@string/facebook_application_id" />
39-->[com.firebaseui:firebase-ui-auth:6.2.0] AndroidManifest.xml:21:13-60
40
41        <activity
41-->[com.firebaseui:firebase-ui-auth:6.2.0] AndroidManifest.xml:23:9-27:61
42            android:name="com.firebase.ui.auth.KickoffActivity"
42-->[com.firebaseui:firebase-ui-auth:6.2.0] AndroidManifest.xml:24:13-64
43            android:exported="false"
43-->[com.firebaseui:firebase-ui-auth:6.2.0] AndroidManifest.xml:25:13-37
44            android:label=""
44-->[com.firebaseui:firebase-ui-auth:6.2.0] AndroidManifest.xml:26:13-29
45            android:theme="@style/FirebaseUI.Transparent" />
45-->[com.firebaseui:firebase-ui-auth:6.2.0] AndroidManifest.xml:27:13-58
46        <activity
46-->[com.firebaseui:firebase-ui-auth:6.2.0] AndroidManifest.xml:28:9-32:61
47            android:name="com.firebase.ui.auth.ui.idp.SingleSignInActivity"
47-->[com.firebaseui:firebase-ui-auth:6.2.0] AndroidManifest.xml:29:13-76
48            android:exported="false"
48-->[com.firebaseui:firebase-ui-auth:6.2.0] AndroidManifest.xml:30:13-37
49            android:label=""
49-->[com.firebaseui:firebase-ui-auth:6.2.0] AndroidManifest.xml:31:13-29
50            android:theme="@style/FirebaseUI.Transparent" />
50-->[com.firebaseui:firebase-ui-auth:6.2.0] AndroidManifest.xml:32:13-58
51        <activity
51-->[com.firebaseui:firebase-ui-auth:6.2.0] AndroidManifest.xml:33:9-37:61
52            android:name="com.firebase.ui.auth.ui.credentials.CredentialSaveActivity"
52-->[com.firebaseui:firebase-ui-auth:6.2.0] AndroidManifest.xml:34:13-86
53            android:exported="false"
53-->[com.firebaseui:firebase-ui-auth:6.2.0] AndroidManifest.xml:35:13-37
54            android:label=""
54-->[com.firebaseui:firebase-ui-auth:6.2.0] AndroidManifest.xml:36:13-29
55            android:theme="@style/FirebaseUI.Transparent" />
55-->[com.firebaseui:firebase-ui-auth:6.2.0] AndroidManifest.xml:37:13-58
56        <activity
56-->[com.firebaseui:firebase-ui-auth:6.2.0] AndroidManifest.xml:38:9-42:58
57            android:name="com.firebase.ui.auth.ui.email.RecoverPasswordActivity"
57-->[com.firebaseui:firebase-ui-auth:6.2.0] AndroidManifest.xml:39:13-81
58            android:exported="false"
58-->[com.firebaseui:firebase-ui-auth:6.2.0] AndroidManifest.xml:40:13-37
59            android:label="@string/fui_title_recover_password_activity"
59-->[com.firebaseui:firebase-ui-auth:6.2.0] AndroidManifest.xml:41:13-72
60            android:windowSoftInputMode="adjustResize" />
60-->[com.firebaseui:firebase-ui-auth:6.2.0] AndroidManifest.xml:42:13-55
61        <activity
61-->[com.firebaseui:firebase-ui-auth:6.2.0] AndroidManifest.xml:43:9-47:58
62            android:name="com.firebase.ui.auth.ui.email.EmailActivity"
62-->[com.firebaseui:firebase-ui-auth:6.2.0] AndroidManifest.xml:44:13-71
63            android:exported="false"
63-->[com.firebaseui:firebase-ui-auth:6.2.0] AndroidManifest.xml:45:13-37
64            android:label="@string/fui_sign_in_default"
64-->[com.firebaseui:firebase-ui-auth:6.2.0] AndroidManifest.xml:46:13-56
65            android:windowSoftInputMode="adjustResize" />
65-->[com.firebaseui:firebase-ui-auth:6.2.0] AndroidManifest.xml:47:13-55
66        <activity
66-->[com.firebaseui:firebase-ui-auth:6.2.0] AndroidManifest.xml:48:9-52:77
67            android:name="com.firebase.ui.auth.ui.phone.PhoneActivity"
67-->[com.firebaseui:firebase-ui-auth:6.2.0] AndroidManifest.xml:49:13-71
68            android:exported="false"
68-->[com.firebaseui:firebase-ui-auth:6.2.0] AndroidManifest.xml:50:13-37
69            android:label="@string/fui_sign_in_with_phone_number"
69-->[com.firebaseui:firebase-ui-auth:6.2.0] AndroidManifest.xml:51:13-66
70            android:windowSoftInputMode="adjustResize|stateAlwaysVisible" />
70-->[com.firebaseui:firebase-ui-auth:6.2.0] AndroidManifest.xml:52:13-74
71        <activity
71-->[com.firebaseui:firebase-ui-auth:6.2.0] AndroidManifest.xml:53:9-57:58
72            android:name="com.firebase.ui.auth.ui.idp.WelcomeBackIdpPrompt"
72-->[com.firebaseui:firebase-ui-auth:6.2.0] AndroidManifest.xml:54:13-76
73            android:exported="false"
73-->[com.firebaseui:firebase-ui-auth:6.2.0] AndroidManifest.xml:55:13-37
74            android:label="@string/fui_title_welcome_back_idp_prompt"
74-->[com.firebaseui:firebase-ui-auth:6.2.0] AndroidManifest.xml:56:13-70
75            android:windowSoftInputMode="adjustResize" />
75-->[com.firebaseui:firebase-ui-auth:6.2.0] AndroidManifest.xml:57:13-55
76        <activity
76-->[com.firebaseui:firebase-ui-auth:6.2.0] AndroidManifest.xml:58:9-62:58
77            android:name="com.firebase.ui.auth.ui.email.WelcomeBackPasswordPrompt"
77-->[com.firebaseui:firebase-ui-auth:6.2.0] AndroidManifest.xml:59:13-83
78            android:exported="false"
78-->[com.firebaseui:firebase-ui-auth:6.2.0] AndroidManifest.xml:60:13-37
79            android:label="@string/fui_title_welcome_back_password_prompt"
79-->[com.firebaseui:firebase-ui-auth:6.2.0] AndroidManifest.xml:61:13-75
80            android:windowSoftInputMode="adjustResize" />
80-->[com.firebaseui:firebase-ui-auth:6.2.0] AndroidManifest.xml:62:13-55
81        <activity
81-->[com.firebaseui:firebase-ui-auth:6.2.0] AndroidManifest.xml:63:9-67:58
82            android:name="com.firebase.ui.auth.ui.email.WelcomeBackEmailLinkPrompt"
82-->[com.firebaseui:firebase-ui-auth:6.2.0] AndroidManifest.xml:64:13-84
83            android:exported="false"
83-->[com.firebaseui:firebase-ui-auth:6.2.0] AndroidManifest.xml:65:13-37
84            android:label="@string/fui_title_welcome_back_password_prompt"
84-->[com.firebaseui:firebase-ui-auth:6.2.0] AndroidManifest.xml:66:13-75
85            android:windowSoftInputMode="adjustResize" />
85-->[com.firebaseui:firebase-ui-auth:6.2.0] AndroidManifest.xml:67:13-55
86        <activity
86-->[com.firebaseui:firebase-ui-auth:6.2.0] AndroidManifest.xml:68:9-73:58
87            android:name="com.firebase.ui.auth.ui.email.EmailLinkCatcherActivity"
87-->[com.firebaseui:firebase-ui-auth:6.2.0] AndroidManifest.xml:69:13-82
88            android:exported="false"
88-->[com.firebaseui:firebase-ui-auth:6.2.0] AndroidManifest.xml:70:13-37
89            android:label=""
89-->[com.firebaseui:firebase-ui-auth:6.2.0] AndroidManifest.xml:71:13-29
90            android:theme="@style/FirebaseUI.Transparent"
90-->[com.firebaseui:firebase-ui-auth:6.2.0] AndroidManifest.xml:72:13-58
91            android:windowSoftInputMode="adjustResize" />
91-->[com.firebaseui:firebase-ui-auth:6.2.0] AndroidManifest.xml:73:13-55
92        <activity
92-->[com.firebaseui:firebase-ui-auth:6.2.0] AndroidManifest.xml:74:9-78:58
93            android:name="com.firebase.ui.auth.ui.email.EmailLinkErrorRecoveryActivity"
93-->[com.firebaseui:firebase-ui-auth:6.2.0] AndroidManifest.xml:75:13-88
94            android:exported="false"
94-->[com.firebaseui:firebase-ui-auth:6.2.0] AndroidManifest.xml:76:13-37
95            android:label="@string/fui_sign_in_default"
95-->[com.firebaseui:firebase-ui-auth:6.2.0] AndroidManifest.xml:77:13-56
96            android:windowSoftInputMode="adjustResize" />
96-->[com.firebaseui:firebase-ui-auth:6.2.0] AndroidManifest.xml:78:13-55
97        <activity
97-->[com.firebaseui:firebase-ui-auth:6.2.0] AndroidManifest.xml:79:9-82:65
98            android:name="com.firebase.ui.auth.ui.idp.AuthMethodPickerActivity"
98-->[com.firebaseui:firebase-ui-auth:6.2.0] AndroidManifest.xml:80:13-80
99            android:exported="false"
99-->[com.firebaseui:firebase-ui-auth:6.2.0] AndroidManifest.xml:81:13-37
100            android:label="@string/fui_default_toolbar_title" />
100-->[com.firebaseui:firebase-ui-auth:6.2.0] AndroidManifest.xml:82:13-62
101        <activity
101-->[com.firebaseui:firebase-ui-auth:6.2.0] AndroidManifest.xml:83:9-87:48
102            android:name="com.facebook.FacebookActivity"
102-->[com.firebaseui:firebase-ui-auth:6.2.0] AndroidManifest.xml:84:13-57
103            android:configChanges="keyboard|keyboardHidden|screenLayout|screenSize|orientation"
103-->[com.firebaseui:firebase-ui-auth:6.2.0] AndroidManifest.xml:85:13-96
104            android:label="@string/app_name" />
104-->[com.firebaseui:firebase-ui-auth:6.2.0] AndroidManifest.xml:86:13-45
105        <activity
105-->[com.firebaseui:firebase-ui-auth:6.2.0] AndroidManifest.xml:88:9-100:20
106            android:name="com.facebook.CustomTabActivity"
106-->[com.firebaseui:firebase-ui-auth:6.2.0] AndroidManifest.xml:89:13-58
107            android:exported="true" >
107-->[com.firebaseui:firebase-ui-auth:6.2.0] AndroidManifest.xml:90:13-36
108            <intent-filter>
108-->[com.firebaseui:firebase-ui-auth:6.2.0] AndroidManifest.xml:92:13-99:29
109                <action android:name="android.intent.action.VIEW" />
109-->[com.firebaseui:firebase-ui-auth:6.2.0] AndroidManifest.xml:93:17-69
109-->[com.firebaseui:firebase-ui-auth:6.2.0] AndroidManifest.xml:93:25-66
110
111                <category android:name="android.intent.category.DEFAULT" />
111-->[com.firebaseui:firebase-ui-auth:6.2.0] AndroidManifest.xml:95:17-76
111-->[com.firebaseui:firebase-ui-auth:6.2.0] AndroidManifest.xml:95:27-73
112                <category android:name="android.intent.category.BROWSABLE" />
112-->[com.firebaseui:firebase-ui-auth:6.2.0] AndroidManifest.xml:96:17-78
112-->[com.firebaseui:firebase-ui-auth:6.2.0] AndroidManifest.xml:96:27-75
113
114                <data android:scheme="@string/facebook_login_protocol_scheme" />
114-->[com.firebaseui:firebase-ui-auth:6.2.0] AndroidManifest.xml:98:17-81
114-->[com.firebaseui:firebase-ui-auth:6.2.0] AndroidManifest.xml:98:23-78
115            </intent-filter>
116        </activity>
117
118        <provider
118-->[com.firebaseui:firebase-ui-auth:6.2.0] AndroidManifest.xml:102:9-106:38
119            android:name="com.firebase.ui.auth.data.client.AuthUiInitProvider"
119-->[com.firebaseui:firebase-ui-auth:6.2.0] AndroidManifest.xml:103:13-79
120            android:authorities="com.example.firebaseauthexample.authuiinitprovider"
120-->[com.firebaseui:firebase-ui-auth:6.2.0] AndroidManifest.xml:104:13-70
121            android:exported="false"
121-->[com.firebaseui:firebase-ui-auth:6.2.0] AndroidManifest.xml:105:13-37
122            android:initOrder="90" />
122-->[com.firebaseui:firebase-ui-auth:6.2.0] AndroidManifest.xml:106:13-35
123
124        <activity
124-->[com.google.firebase:firebase-auth:20.0.0] AndroidManifest.xml:27:9-34:50
125            android:name="com.google.firebase.auth.internal.FederatedSignInActivity"
125-->[com.google.firebase:firebase-auth:20.0.0] AndroidManifest.xml:28:13-85
126            android:excludeFromRecents="true"
126-->[com.google.firebase:firebase-auth:20.0.0] AndroidManifest.xml:29:13-46
127            android:exported="true"
127-->[com.google.firebase:firebase-auth:20.0.0] AndroidManifest.xml:30:13-36
128            android:launchMode="singleTask"
128-->[com.google.firebase:firebase-auth:20.0.0] AndroidManifest.xml:31:13-44
129            android:permission="com.google.firebase.auth.api.gms.permission.LAUNCH_FEDERATED_SIGN_IN"
129-->[com.google.firebase:firebase-auth:20.0.0] AndroidManifest.xml:32:13-102
130            android:theme="@android:style/Theme.Translucent.NoTitleBar" />
130-->[com.google.firebase:firebase-auth:20.0.0] AndroidManifest.xml:33:13-72
131        <activity
131-->[com.google.firebase:firebase-auth:20.0.0] AndroidManifest.xml:35:9-52:20
132            android:name="com.google.firebase.auth.internal.GenericIdpActivity"
132-->[com.google.firebase:firebase-auth:20.0.0] AndroidManifest.xml:36:13-80
133            android:excludeFromRecents="true"
133-->[com.google.firebase:firebase-auth:20.0.0] AndroidManifest.xml:37:13-46
134            android:exported="true"
134-->[com.google.firebase:firebase-auth:20.0.0] AndroidManifest.xml:38:13-36
135            android:launchMode="singleTask"
135-->[com.google.firebase:firebase-auth:20.0.0] AndroidManifest.xml:39:13-44
136            android:theme="@android:style/Theme.Translucent.NoTitleBar" >
136-->[com.google.firebase:firebase-auth:20.0.0] AndroidManifest.xml:40:13-72
137            <intent-filter>
137-->[com.google.firebase:firebase-auth:20.0.0] AndroidManifest.xml:41:13-51:29
138                <action android:name="android.intent.action.VIEW" />
138-->[com.firebaseui:firebase-ui-auth:6.2.0] AndroidManifest.xml:93:17-69
138-->[com.firebaseui:firebase-ui-auth:6.2.0] AndroidManifest.xml:93:25-66
139
140                <category android:name="android.intent.category.DEFAULT" />
140-->[com.firebaseui:firebase-ui-auth:6.2.0] AndroidManifest.xml:95:17-76
140-->[com.firebaseui:firebase-ui-auth:6.2.0] AndroidManifest.xml:95:27-73
141                <category android:name="android.intent.category.BROWSABLE" />
141-->[com.firebaseui:firebase-ui-auth:6.2.0] AndroidManifest.xml:96:17-78
141-->[com.firebaseui:firebase-ui-auth:6.2.0] AndroidManifest.xml:96:27-75
142
143                <data
143-->[com.firebaseui:firebase-ui-auth:6.2.0] AndroidManifest.xml:98:17-81
144                    android:host="firebase.auth"
145                    android:path="/"
146                    android:scheme="genericidp" />
146-->[com.firebaseui:firebase-ui-auth:6.2.0] AndroidManifest.xml:98:23-78
147            </intent-filter>
148        </activity>
149        <activity
149-->[com.google.firebase:firebase-auth:20.0.0] AndroidManifest.xml:53:9-70:20
150            android:name="com.google.firebase.auth.internal.RecaptchaActivity"
150-->[com.google.firebase:firebase-auth:20.0.0] AndroidManifest.xml:54:13-79
151            android:excludeFromRecents="true"
151-->[com.google.firebase:firebase-auth:20.0.0] AndroidManifest.xml:55:13-46
152            android:exported="true"
152-->[com.google.firebase:firebase-auth:20.0.0] AndroidManifest.xml:56:13-36
153            android:launchMode="singleTask"
153-->[com.google.firebase:firebase-auth:20.0.0] AndroidManifest.xml:57:13-44
154            android:theme="@android:style/Theme.Translucent.NoTitleBar" >
154-->[com.google.firebase:firebase-auth:20.0.0] AndroidManifest.xml:58:13-72
155            <intent-filter>
155-->[com.google.firebase:firebase-auth:20.0.0] AndroidManifest.xml:59:13-69:29
156                <action android:name="android.intent.action.VIEW" />
156-->[com.firebaseui:firebase-ui-auth:6.2.0] AndroidManifest.xml:93:17-69
156-->[com.firebaseui:firebase-ui-auth:6.2.0] AndroidManifest.xml:93:25-66
157
158                <category android:name="android.intent.category.DEFAULT" />
158-->[com.firebaseui:firebase-ui-auth:6.2.0] AndroidManifest.xml:95:17-76
158-->[com.firebaseui:firebase-ui-auth:6.2.0] AndroidManifest.xml:95:27-73
159                <category android:name="android.intent.category.BROWSABLE" />
159-->[com.firebaseui:firebase-ui-auth:6.2.0] AndroidManifest.xml:96:17-78
159-->[com.firebaseui:firebase-ui-auth:6.2.0] AndroidManifest.xml:96:27-75
160
161                <data
161-->[com.firebaseui:firebase-ui-auth:6.2.0] AndroidManifest.xml:98:17-81
162                    android:host="firebase.auth"
163                    android:path="/"
164                    android:scheme="recaptcha" />
164-->[com.firebaseui:firebase-ui-auth:6.2.0] AndroidManifest.xml:98:23-78
165            </intent-filter>
166        </activity>
167
168        <service
168-->[com.google.firebase:firebase-auth:20.0.0] AndroidManifest.xml:72:9-81:19
169            android:name="com.google.firebase.auth.api.fallback.service.FirebaseAuthFallbackService"
169-->[com.google.firebase:firebase-auth:20.0.0] AndroidManifest.xml:73:13-101
170            android:enabled="true"
170-->[com.google.firebase:firebase-auth:20.0.0] AndroidManifest.xml:74:13-35
171            android:exported="false" >
171-->[com.google.firebase:firebase-auth:20.0.0] AndroidManifest.xml:75:13-37
172            <intent-filter>
172-->[com.google.firebase:firebase-auth:20.0.0] AndroidManifest.xml:76:13-80:29
173                <action android:name="com.google.firebase.auth.api.gms.service.START" />
173-->[com.google.firebase:firebase-auth:20.0.0] AndroidManifest.xml:77:17-89
173-->[com.google.firebase:firebase-auth:20.0.0] AndroidManifest.xml:77:25-86
174
175                <category android:name="android.intent.category.DEFAULT" />
175-->[com.firebaseui:firebase-ui-auth:6.2.0] AndroidManifest.xml:95:17-76
175-->[com.firebaseui:firebase-ui-auth:6.2.0] AndroidManifest.xml:95:27-73
176            </intent-filter>
177        </service>
178        <service
178-->[com.google.firebase:firebase-auth:20.0.0] AndroidManifest.xml:82:9-88:19
179            android:name="com.google.firebase.components.ComponentDiscoveryService"
179-->[com.google.firebase:firebase-auth:20.0.0] AndroidManifest.xml:83:13-84
180            android:directBootAware="true"
180-->[com.google.firebase:firebase-common:19.3.1] AndroidManifest.xml:35:13-43
181            android:exported="false" >
181-->[com.google.firebase:firebase-auth:20.0.0] AndroidManifest.xml:84:13-37
182            <meta-data
182-->[com.google.firebase:firebase-auth:20.0.0] AndroidManifest.xml:85:13-87:85
183                android:name="com.google.firebase.components:com.google.firebase.auth.FirebaseAuthRegistrar"
183-->[com.google.firebase:firebase-auth:20.0.0] AndroidManifest.xml:86:17-109
184                android:value="com.google.firebase.components.ComponentRegistrar" />
184-->[com.google.firebase:firebase-auth:20.0.0] AndroidManifest.xml:87:17-82
185            <meta-data
185-->[com.google.android.gms:play-services-measurement-api:18.0.0] AndroidManifest.xml:30:13-32:85
186                android:name="com.google.firebase.components:com.google.firebase.analytics.connector.internal.AnalyticsConnectorRegistrar"
186-->[com.google.android.gms:play-services-measurement-api:18.0.0] AndroidManifest.xml:31:17-139
187                android:value="com.google.firebase.components.ComponentRegistrar" />
187-->[com.google.android.gms:play-services-measurement-api:18.0.0] AndroidManifest.xml:32:17-82
188            <meta-data
188-->[com.google.firebase:firebase-installations:16.3.3] AndroidManifest.xml:17:13-19:85
189                android:name="com.google.firebase.components:com.google.firebase.installations.FirebaseInstallationsRegistrar"
189-->[com.google.firebase:firebase-installations:16.3.3] AndroidManifest.xml:18:17-127
190                android:value="com.google.firebase.components.ComponentRegistrar" />
190-->[com.google.firebase:firebase-installations:16.3.3] AndroidManifest.xml:19:17-82
191        </service>
192
193        <provider
193-->[com.google.firebase:firebase-common:19.3.1] AndroidManifest.xml:26:9-31:39
194            android:name="com.google.firebase.provider.FirebaseInitProvider"
194-->[com.google.firebase:firebase-common:19.3.1] AndroidManifest.xml:27:13-77
195            android:authorities="com.example.firebaseauthexample.firebaseinitprovider"
195-->[com.google.firebase:firebase-common:19.3.1] AndroidManifest.xml:28:13-72
196            android:directBootAware="true"
196-->[com.google.firebase:firebase-common:19.3.1] AndroidManifest.xml:29:13-43
197            android:exported="false"
197-->[com.google.firebase:firebase-common:19.3.1] AndroidManifest.xml:30:13-37
198            android:initOrder="100" />
198-->[com.google.firebase:firebase-common:19.3.1] AndroidManifest.xml:31:13-36
199
200        <activity
200-->[com.google.android.gms:play-services-auth:17.0.0] AndroidManifest.xml:23:9-27:75
201            android:name="com.google.android.gms.auth.api.signin.internal.SignInHubActivity"
201-->[com.google.android.gms:play-services-auth:17.0.0] AndroidManifest.xml:24:13-93
202            android:excludeFromRecents="true"
202-->[com.google.android.gms:play-services-auth:17.0.0] AndroidManifest.xml:25:13-46
203            android:exported="false"
203-->[com.google.android.gms:play-services-auth:17.0.0] AndroidManifest.xml:26:13-37
204            android:theme="@android:style/Theme.Translucent.NoTitleBar" />
204-->[com.google.android.gms:play-services-auth:17.0.0] AndroidManifest.xml:27:13-72
205        <!--
206            Service handling Google Sign-In user revocation. For apps that do not integrate with
207            Google Sign-In, this service will never be started.
208        -->
209        <service
209-->[com.google.android.gms:play-services-auth:17.0.0] AndroidManifest.xml:33:9-36:110
210            android:name="com.google.android.gms.auth.api.signin.RevocationBoundService"
210-->[com.google.android.gms:play-services-auth:17.0.0] AndroidManifest.xml:34:13-89
211            android:exported="true"
211-->[com.google.android.gms:play-services-auth:17.0.0] AndroidManifest.xml:35:13-36
212            android:permission="com.google.android.gms.auth.api.signin.permission.REVOCATION_NOTIFICATION" />
212-->[com.google.android.gms:play-services-auth:17.0.0] AndroidManifest.xml:36:13-107
213
214        <activity
214-->[com.google.android.gms:play-services-base:17.1.0] AndroidManifest.xml:23:9-26:75
215            android:name="com.google.android.gms.common.api.GoogleApiActivity"
215-->[com.google.android.gms:play-services-base:17.1.0] AndroidManifest.xml:24:13-79
216            android:exported="false"
216-->[com.google.android.gms:play-services-base:17.1.0] AndroidManifest.xml:25:13-37
217            android:theme="@android:style/Theme.Translucent.NoTitleBar" />
217-->[com.google.android.gms:play-services-base:17.1.0] AndroidManifest.xml:26:13-72
218
219        <receiver
219-->[com.google.android.gms:play-services-measurement:18.0.0] AndroidManifest.xml:29:9-33:20
220            android:name="com.google.android.gms.measurement.AppMeasurementReceiver"
220-->[com.google.android.gms:play-services-measurement:18.0.0] AndroidManifest.xml:30:13-85
221            android:enabled="true"
221-->[com.google.android.gms:play-services-measurement:18.0.0] AndroidManifest.xml:31:13-35
222            android:exported="false" >
222-->[com.google.android.gms:play-services-measurement:18.0.0] AndroidManifest.xml:32:13-37
223        </receiver>
224
225        <service
225-->[com.google.android.gms:play-services-measurement:18.0.0] AndroidManifest.xml:35:9-38:40
226            android:name="com.google.android.gms.measurement.AppMeasurementService"
226-->[com.google.android.gms:play-services-measurement:18.0.0] AndroidManifest.xml:36:13-84
227            android:enabled="true"
227-->[com.google.android.gms:play-services-measurement:18.0.0] AndroidManifest.xml:37:13-35
228            android:exported="false" />
228-->[com.google.android.gms:play-services-measurement:18.0.0] AndroidManifest.xml:38:13-37
229        <service
229-->[com.google.android.gms:play-services-measurement:18.0.0] AndroidManifest.xml:39:9-43:72
230            android:name="com.google.android.gms.measurement.AppMeasurementJobService"
230-->[com.google.android.gms:play-services-measurement:18.0.0] AndroidManifest.xml:40:13-87
231            android:enabled="true"
231-->[com.google.android.gms:play-services-measurement:18.0.0] AndroidManifest.xml:41:13-35
232            android:exported="false"
232-->[com.google.android.gms:play-services-measurement:18.0.0] AndroidManifest.xml:42:13-37
233            android:permission="android.permission.BIND_JOB_SERVICE" />
233-->[com.google.android.gms:play-services-measurement:18.0.0] AndroidManifest.xml:43:13-69
234
235        <provider
235-->[androidx.lifecycle:lifecycle-process:2.1.0] AndroidManifest.xml:23:9-27:43
236            android:name="androidx.lifecycle.ProcessLifecycleOwnerInitializer"
236-->[androidx.lifecycle:lifecycle-process:2.1.0] AndroidManifest.xml:24:13-79
237            android:authorities="com.example.firebaseauthexample.lifecycle-process"
237-->[androidx.lifecycle:lifecycle-process:2.1.0] AndroidManifest.xml:25:13-69
238            android:exported="false"
238-->[androidx.lifecycle:lifecycle-process:2.1.0] AndroidManifest.xml:26:13-37
239            android:multiprocess="true" />
239-->[androidx.lifecycle:lifecycle-process:2.1.0] AndroidManifest.xml:27:13-40
240    </application>
241
242</manifest>